<?xml version="1.0" encoding="UTF-8"?>
<!-- Generated by org.testng.reporters.JUnitReportReporter -->
<testsuite hostname="LAPTOP-F189313A" name="runners.MainRunner" tests="1" failures="0" timestamp="3 Feb 2021 00:33:11 GMT" time="17.923" errors="0">
  <testcase name="feature" time="17.923" classname="runners.MainRunner"/>
</testsuite> <!-- runners.MainRunner -->
