<?xml version="1.0" encoding="UTF-8"?>
<!-- Generated by org.testng.reporters.JUnitReportReporter -->
<testsuite hostname="LAPTOP-F189313A" name="TestNG.GroupingExample" tests="5" failures="0" timestamp="22 Feb 2021 01:46:37 GMT" time="0.059" errors="0">
  <testcase name="test5" time="0.004" classname="TestNG.GroupingExample"/>
  <testcase name="test1" time="0.040" classname="TestNG.GroupingExample"/>
  <testcase name="test2" time="0.005" classname="TestNG.GroupingExample"/>
  <testcase name="test3" time="0.004" classname="TestNG.GroupingExample"/>
  <testcase name="test4" time="0.006" classname="TestNG.GroupingExample"/>
</testsuite> <!-- TestNG.GroupingExample -->
