<?xml version="1.0" encoding="UTF-8"?>
<!-- Generated by org.testng.reporters.JUnitReportReporter -->
<testsuite hostname="LAPTOP-F189313A" name="TestNG.PriorityExample" tests="4" failures="0" timestamp="22 Feb 2021 01:38:05 GMT" time="0.058" errors="0">
  <testcase name="TestFour" time="0.005" classname="TestNG.PriorityExample"/>
  <testcase name="TestOne" time="0.042" classname="TestNG.PriorityExample"/>
  <testcase name="TestTwo" time="0.006" classname="TestNG.PriorityExample"/>
  <testcase name="TestThree" time="0.005" classname="TestNG.PriorityExample"/>
</testsuite> <!-- TestNG.PriorityExample -->
